\BOOKMARK [1][-]{section.1}{\376\377\000I\000n\000t\000r\000o\000d\000u\000\347\000\343\000o}{}% 1
\BOOKMARK [2][-]{subsection.1.1}{\376\377\000Q\000u\000e\000s\000t\000i\000o\000n\000a\000m\000e\000n\000t\000o\000s}{section.1}% 2
\BOOKMARK [2][-]{subsection.1.2}{\376\377\000O\000b\000j\000e\000t\000i\000v\000o\000s}{section.1}% 3
\BOOKMARK [1][-]{section.2}{\376\377\000R\000e\000f\000e\000r\000e\000n\000c\000i\000a\000l\000\040\000T\000e\000\363\000r\000i\000c\000o}{}% 4
\BOOKMARK [2][-]{subsection.2.1}{\376\377\000I\000n\000t\000r\000o\000d\000u\000\347\000\343\000o\000\040\000a\000o\000\040\000c\000o\000n\000c\000e\000i\000t\000o\000\040\000Z\000e\000r\000o\000\040\000E\000n\000e\000r\000g\000y}{section.2}% 5
\BOOKMARK [3][-]{subsubsection.2.1.1}{\376\377\000N\000e\000a\000r\000\040\000Z\000e\000r\000o\000\040\000E\000n\000e\000r\000g\000y}{subsection.2.1}% 6
\BOOKMARK [3][-]{subsubsection.2.1.2}{\376\377\000M\000\351\000t\000r\000i\000c\000a\000\040\000p\000a\000r\000a\000\040\000b\000a\000l\000a\000n\000\347\000o\000\040\000e\000n\000e\000r\000g\000\351\000t\000i\000c\000o\000\040\000n\000u\000l\000o}{subsection.2.1}% 7
\BOOKMARK [2][-]{subsection.2.2}{\376\377\000C\000e\000n\000\341\000r\000i\000o\000s\000\040\000e\000n\000e\000r\000g\000\351\000t\000i\000c\000o\000s\000\040\000e\000\040\000a\000\040\000m\000a\000t\000r\000i\000z\000\040\000e\000l\000\351\000t\000r\000i\000c\000a\000\040\000b\000r\000a\000s\000i\000l\000e\000i\000r\000a}{section.2}% 8
\BOOKMARK [3][-]{subsubsection.2.2.1}{\376\377\000P\000o\000t\000e\000n\000c\000i\000a\000l\000\040\000d\000e\000\040\000g\000e\000r\000a\000\347\000\343\000o\000\040\000d\000e\000\040\000e\000n\000e\000r\000g\000i\000a\000\040\000s\000o\000l\000a\000r\000\040\000n\000o\000\040\000B\000r\000a\000s\000i\000l\000\040\000e\000\040\000n\000o\000\040\000E\000s\000p\000\355\000r\000i\000t\000o\000\040\000S\000a\000n\000t\000o}{subsection.2.2}% 9
\BOOKMARK [3][-]{subsubsection.2.2.2}{\376\377\000E\000n\000e\000r\000g\000i\000a\000\040\000s\000o\000l\000a\000r\000\040\000f\000o\000t\000o\000v\000o\000l\000t\000a\000i\000c\000a}{subsection.2.2}% 10
\BOOKMARK [3][-]{subsubsection.2.2.3}{\376\377\000L\000e\000g\000i\000s\000l\000a\000\347\000\343\000o\000\040\000p\000a\000r\000a\000\040\000a\000\040\000e\000f\000i\000c\000i\000\352\000n\000c\000i\000a\000\040\000e\000n\000e\000r\000g\000\351\000t\000i\000c\000a}{subsection.2.2}% 11
\BOOKMARK [2][-]{subsection.2.3}{\376\377\000C\000o\000n\000c\000e\000i\000t\000o\000s\000\040\000p\000a\000r\000a\000\040\000a\000\040\000a\000v\000a\000l\000i\000a\000\347\000\343\000o\000\040\000t\000e\000r\000m\000o\000e\000n\000e\000r\000g\000\351\000t\000i\000c\000a}{section.2}% 12
\BOOKMARK [3][-]{subsubsection.2.3.1}{\376\377\000P\000a\000r\000\342\000m\000e\000t\000r\000o\000s\000\040\000d\000e\000\040\000c\000o\000n\000f\000o\000r\000t\000o\000\040\000t\000\351\000r\000m\000i\000c\000o}{subsection.2.3}% 13
\BOOKMARK [3][-]{subsubsection.2.3.2}{\376\377\000E\000s\000t\000r\000a\000t\000\351\000g\000i\000a\000s\000\040\000p\000a\000s\000s\000i\000v\000a\000s}{subsection.2.3}% 14
\BOOKMARK [3][-]{subsubsection.2.3.3}{\376\377\000E\000s\000t\000r\000a\000t\000\351\000g\000i\000a\000s\000\040\000a\000t\000i\000v\000a\000s}{subsection.2.3}% 15
\BOOKMARK [2][-]{subsection.2.4}{\376\377\000C\000a\000r\000a\000c\000t\000e\000r\000i\000z\000a\000\347\000\343\000o\000\040\000c\000l\000i\000m\000\341\000t\000i\000c\000a\000\040\000e\000\040\000s\000o\000c\000i\000o\000e\000c\000o\000n\000\364\000m\000i\000c\000a\000\040\000d\000a\000\040\000c\000i\000d\000a\000d\000e\000\040\000d\000e\000\040\000V\000i\000t\000\363\000r\000i\000a}{section.2}% 16
\BOOKMARK [2][-]{subsection.2.5}{\376\377\000C\000a\000r\000a\000c\000t\000e\000r\000i\000z\000a\000\347\000\343\000o\000\040\000d\000a\000\040\000t\000i\000p\000o\000l\000o\000g\000i\000a\000\040\000d\000e\000\040\000r\000e\000f\000e\000r\000\352\000n\000c\000i\000a}{section.2}% 17
\BOOKMARK [1][-]{section.3}{\376\377\000M\000e\000t\000o\000d\000o\000l\000o\000g\000i\000a}{}% 18
\BOOKMARK [2][-]{subsection.3.1}{\376\377\000L\000e\000v\000a\000n\000t\000a\000m\000e\000n\000t\000o\000\040\000d\000a\000s\000\040\000c\000a\000r\000a\000c\000t\000e\000r\000\355\000s\000t\000i\000c\000a\000s\000\040\000d\000o\000s\000\040\000e\000d\000i\000f\000\355\000c\000i\000o\000s\000\040\000d\000e\000\040\000e\000s\000c\000r\000i\000t\000\363\000r\000i\000o\000\040\000d\000e\000\040\000V\000i\000t\000\363\000r\000i\000a}{section.3}% 19
\BOOKMARK [3][-]{subsubsection.3.1.1}{\376\377\000C\000o\000n\000s\000u\000m\000o\000\040\000d\000e\000\040\000e\000n\000e\000r\000g\000i\000a\000\040\000e\000l\000\351\000t\000r\000i\000c\000a\000\040\000d\000a\000s\000\040\000e\000d\000i\000f\000i\000c\000a\000\347\000\365\000e\000s}{subsection.3.1}% 20
\BOOKMARK [3][-]{subsubsection.3.1.2}{\376\377\000P\000a\000d\000r\000\365\000e\000s\000\040\000d\000e\000\040\000u\000s\000o\000\040\000e\000\040\000o\000c\000u\000p\000a\000\347\000\343\000o\000\040\000e\000m\000\040\000e\000d\000i\000f\000\355\000c\000i\000o\000s\000\040\000d\000e\000\040\000e\000s\000c\000r\000i\000t\000\363\000r\000i\000o}{subsection.3.1}% 21
\BOOKMARK [2][-]{subsection.3.2}{\376\377\000P\000a\000d\000r\000\365\000e\000s\000\040\000d\000e\000\040\000c\000o\000n\000f\000o\000r\000t\000o}{section.3}% 22
\BOOKMARK [3][-]{subsubsection.3.2.1}{\376\377\000C\000o\000n\000f\000o\000r\000t\000o\000\040\000t\000\351\000r\000m\000i\000c\000o}{subsection.3.2}% 23
\BOOKMARK [3][-]{subsubsection.3.2.2}{\376\377\000C\000o\000n\000f\000o\000r\000t\000o\000\040\000l\000u\000m\000\355\000n\000i\000c\000o}{subsection.3.2}% 24
\BOOKMARK [2][-]{subsection.3.3}{\376\377\000N\000\355\000v\000e\000i\000s\000\040\000d\000e\000\040\000e\000f\000i\000c\000i\000\352\000n\000c\000i\000a\000\040\000e\000n\000e\000r\000g\000\351\000t\000i\000c\000a}{section.3}% 25
\BOOKMARK [3][-]{subsubsection.3.3.1}{\376\377\000D\000e\000t\000e\000r\000m\000i\000n\000a\000\347\000\343\000o\000\040\000d\000a\000\040\000c\000l\000a\000s\000s\000e\000\040\000d\000e\000\040\000e\000f\000i\000c\000i\000\352\000n\000c\000i\000a\000\040\000e\000n\000e\000r\000g\000\351\000t\000i\000c\000a\000\040\000d\000o\000s\000\040\000m\000o\000d\000e\000l\000o\000s\000\040\000g\000e\000n\000\351\000r\000i\000c\000o\000s}{subsection.3.3}% 26
\BOOKMARK [3][-]{subsubsection.3.3.2}{\376\377\000E\000f\000i\000c\000i\000\352\000n\000c\000i\000a\000\040\000e\000n\000e\000r\000g\000\351\000t\000i\000c\000a\000\040\000d\000o\000\040\000s\000i\000s\000t\000e\000m\000a\000\040\000d\000e\000\040\000c\000o\000n\000d\000i\000c\000i\000o\000n\000a\000m\000e\000n\000t\000o\000\040\000d\000e\000\040\000a\000r}{subsection.3.3}% 27
\BOOKMARK [3][-]{subsubsection.3.3.3}{\376\377\000E\000f\000i\000c\000i\000\352\000n\000c\000i\000a\000\040\000e\000n\000e\000r\000g\000\351\000t\000i\000c\000a\000\040\000d\000o\000\040\000s\000i\000s\000t\000e\000m\000a\000\040\000i\000l\000u\000m\000i\000n\000a\000\347\000\343\000o\000\040\000a\000r\000t\000i\000f\000i\000c\000i\000a\000l\000\040\000e\000\040\000e\000q\000u\000i\000p\000a\000m\000e\000n\000t\000o\000s}{subsection.3.3}% 28
\BOOKMARK [2][-]{subsection.3.4}{\376\377\000D\000e\000f\000i\000n\000i\000\347\000\343\000o\000\040\000d\000o\000s\000\040\000m\000o\000d\000e\000l\000o\000s\000\040\000g\000e\000n\000\351\000r\000i\000c\000o\000s}{section.3}% 29
\BOOKMARK [3][-]{subsubsection.3.4.1}{\376\377\000C\000o\000m\000p\000o\000s\000i\000\347\000\343\000o\000\040\000d\000o\000s\000\040\000m\000o\000d\000e\000l\000o\000s\000\040\000g\000e\000n\000\351\000r\000i\000c\000o\000s}{subsection.3.4}% 30
\BOOKMARK [3][-]{subsubsection.3.4.2}{\376\377\000P\000a\000r\000\342\000m\000e\000t\000r\000o\000s\000\040\000a\000r\000q\000u\000i\000t\000e\000t\000\364\000n\000i\000c\000o\000s\000\040\000d\000o\000s\000\040\000m\000o\000d\000e\000l\000o\000s\000\040\000g\000e\000n\000\351\000r\000i\000c\000o\000s}{subsection.3.4}% 31
\BOOKMARK [3][-]{subsubsection.3.4.3}{\376\377\000V\000o\000l\000u\000m\000e\000\040\000e\000\040\000e\000n\000c\000a\000d\000e\000a\000m\000e\000n\000t\000o\000\040\000d\000a\000s\000\040\000s\000i\000m\000u\000l\000a\000\347\000\365\000e\000s}{subsection.3.4}% 32
\BOOKMARK [2][-]{subsection.3.5}{\376\377\000S\000i\000m\000u\000l\000a\000\347\000\365\000e\000s}{section.3}% 33
\BOOKMARK [3][-]{subsubsection.3.5.1}{\376\377\000P\000r\000o\000c\000e\000s\000s\000o\000\040\000d\000e\000\040\000m\000o\000d\000e\000l\000a\000g\000e\000m}{subsection.3.5}% 34
\BOOKMARK [3][-]{subsubsection.3.5.2}{\376\377\000S\000i\000m\000p\000l\000i\000f\000i\000c\000a\000\347\000\343\000o\000\040\000d\000o\000s\000\040\000m\000o\000d\000e\000l\000o\000s\000\040\000g\000e\000n\000\351\000r\000i\000c\000o\000s\000\040\000e\000\040\000p\000a\000r\000a\000m\000e\000t\000r\000i\000z\000a\000\347\000\343\000o\000\040\000d\000o\000s\000\040\000c\000e\000n\000\341\000r\000i\000o\000s}{subsection.3.5}% 35
\BOOKMARK [3][-]{subsubsection.3.5.3}{\376\377\000P\000r\000o\000c\000e\000s\000s\000o\000\040\000d\000e\000\040\000m\000o\000d\000e\000l\000a\000g\000e\000m}{subsection.3.5}% 36
\BOOKMARK [3][-]{subsubsection.3.5.4}{\376\377\000E\000s\000t\000i\000m\000a\000t\000i\000v\000a\000\040\000d\000e\000\040\000p\000r\000o\000d\000u\000\347\000\343\000o\000\040\000d\000e\000\040\000e\000n\000e\000r\000g\000i\000a}{subsection.3.5}% 37
\BOOKMARK [3][-]{subsubsection.3.5.5}{\376\377\000S\000i\000m\000u\000l\000a\000\347\000\343\000o\000\040\000d\000e\000\040\000g\000e\000r\000a\000\347\000\343\000o\000\040\000d\000e\000\040\000e\000n\000e\000r\000g\000i\000a}{subsection.3.5}% 38
\BOOKMARK [2][-]{subsection.3.6}{\376\377\000A\000v\000a\000l\000i\000a\000\347\000\343\000o\000\040\000d\000e\000\040\000r\000e\000s\000u\000l\000t\000a\000d\000o\000s}{section.3}% 39
\BOOKMARK [3][-]{subsubsection.3.6.1}{\376\377\000A\000n\000\341\000l\000i\000s\000e\000\040\000d\000e\000\040\000v\000i\000a\000b\000i\000l\000i\000d\000a\000d\000e\000\040\000e\000c\000o\000n\000\364\000m\000i\000c\000a}{subsection.3.6}% 40
\BOOKMARK [3][-]{subsubsection.3.6.2}{\376\377\000A\000n\000\341\000l\000i\000s\000e\000\040\000d\000e\000\040\000v\000a\000r\000i\000\341\000v\000e\000i\000s\000\040\000s\000o\000b\000r\000e\000\040\000c\000o\000n\000s\000u\000m\000o\000\040\000e\000\040\000p\000r\000o\000d\000u\000\347\000\343\000o\000\040\000d\000e\000\040\000e\000n\000e\000r\000g\000i\000a}{subsection.3.6}% 41
\BOOKMARK [1][-]{section.4}{\376\377\000R\000e\000s\000u\000l\000t\000a\000d\000o\000s\000\040\000e\000\040\000d\000i\000s\000c\000u\000s\000s\000\343\000o}{}% 42
\BOOKMARK [2][-]{subsection.4.1}{\376\377\000C\000l\000a\000s\000s\000i\000f\000i\000c\000a\000\347\000\343\000o\000\040\000d\000e\000\040\000d\000e\000s\000e\000m\000p\000e\000n\000h\000o\000\040\000e\000n\000e\000r\000g\000\351\000t\000i\000c\000o\000\040\000d\000o\000s\000\040\000m\000o\000d\000e\000l\000o\000s\000\040\000g\000e\000n\000\351\000r\000i\000c\000o\000s}{section.4}% 43
